Using device: cuda
Run 1/5 for split=tcr
Processing TCR embeddings for tcr training data...
Loaded embeddings from /scratch/vgunda8/algo_comp_bio_datasets/base_tcr_embeddings_train_tcr.npy
Processing epitope embeddings for tcr training data...
Loaded embeddings from /scratch/vgunda8/algo_comp_bio_datasets/base_epi_embeddings_train_tcr.npy
Processing TCR embeddings for tcr test data...
Loaded embeddings from /scratch/vgunda8/algo_comp_bio_datasets/base_tcr_embeddings_test_tcr.npy
Processing epitope embeddings for tcr test data...
Loaded embeddings from /scratch/vgunda8/algo_comp_bio_datasets/base_epi_embeddings_test_tcr.npy
Epoch [1/10], Loss: 0.6133
Val Metrics -> Accuracy: 0.6799, Precision: 0.6848, Recall: 0.6619, F1: 0.6732, AUC: 0.7561
Saved Best Model
Epoch [2/10], Loss: 0.5810
Val Metrics -> Accuracy: 0.6942, Precision: 0.7717, Recall: 0.5480, F1: 0.6409, AUC: 0.7717
Saved Best Model
Epoch [3/10], Loss: 0.5681
Val Metrics -> Accuracy: 0.7023, Precision: 0.7493, Recall: 0.6043, F1: 0.6691, AUC: 0.7797
Saved Best Model
Epoch [4/10], Loss: 0.5591
Val Metrics -> Accuracy: 0.7092, Precision: 0.7685, Recall: 0.5953, F1: 0.6709, AUC: 0.7873
Saved Best Model
Epoch [5/10], Loss: 0.5521
Val Metrics -> Accuracy: 0.7110, Precision: 0.7842, Recall: 0.5789, F1: 0.6661, AUC: 0.7912
Saved Best Model
Epoch [6/10], Loss: 0.5453
Val Metrics -> Accuracy: 0.7097, Precision: 0.7404, Recall: 0.6423, F1: 0.6879, AUC: 0.7887
Epoch [7/10], Loss: 0.5400
Val Metrics -> Accuracy: 0.7157, Precision: 0.7608, Recall: 0.6260, F1: 0.6868, AUC: 0.7951
Saved Best Model
Epoch [8/10], Loss: 0.5347
Val Metrics -> Accuracy: 0.7160, Precision: 0.7882, Recall: 0.5875, F1: 0.6732, AUC: 0.7974
Saved Best Model
Epoch [9/10], Loss: 0.5298
Val Metrics -> Accuracy: 0.7200, Precision: 0.7574, Recall: 0.6441, F1: 0.6962, AUC: 0.8010
Saved Best Model
Epoch [10/10], Loss: 0.5246
Val Metrics -> Accuracy: 0.7210, Precision: 0.7768, Recall: 0.6169, F1: 0.6877, AUC: 0.8021
Saved Best Model
Run 2/5 for split=tcr
Processing TCR embeddings for tcr training data...
Loaded embeddings from /scratch/vgunda8/algo_comp_bio_datasets/base_tcr_embeddings_train_tcr.npy
Processing epitope embeddings for tcr training data...
Loaded embeddings from /scratch/vgunda8/algo_comp_bio_datasets/base_epi_embeddings_train_tcr.npy
Processing TCR embeddings for tcr test data...
Loaded embeddings from /scratch/vgunda8/algo_comp_bio_datasets/base_tcr_embeddings_test_tcr.npy
Processing epitope embeddings for tcr test data...
Loaded embeddings from /scratch/vgunda8/algo_comp_bio_datasets/base_epi_embeddings_test_tcr.npy
Epoch [1/10], Loss: 0.6135
Val Metrics -> Accuracy: 0.6843, Precision: 0.7370, Recall: 0.5690, F1: 0.6422, AUC: 0.7588
Saved Best Model
Epoch [2/10], Loss: 0.5805
Val Metrics -> Accuracy: 0.6930, Precision: 0.7773, Recall: 0.5374, F1: 0.6355, AUC: 0.7707
Saved Best Model
Epoch [3/10], Loss: 0.5673
Val Metrics -> Accuracy: 0.7023, Precision: 0.7598, Recall: 0.5879, F1: 0.6629, AUC: 0.7799
Saved Best Model
Epoch [4/10], Loss: 0.5589
Val Metrics -> Accuracy: 0.6991, Precision: 0.8193, Recall: 0.5077, F1: 0.6269, AUC: 0.7817
Epoch [5/10], Loss: 0.5511
Val Metrics -> Accuracy: 0.7114, Precision: 0.7657, Recall: 0.6057, F1: 0.6764, AUC: 0.7907
Saved Best Model
Epoch [6/10], Loss: 0.5450
Val Metrics -> Accuracy: 0.7109, Precision: 0.7941, Recall: 0.5663, F1: 0.6611, AUC: 0.7921
Epoch [7/10], Loss: 0.5396
Val Metrics -> Accuracy: 0.7147, Precision: 0.7596, Recall: 0.6246, F1: 0.6855, AUC: 0.7938
Saved Best Model
Epoch [8/10], Loss: 0.5335
Val Metrics -> Accuracy: 0.7185, Precision: 0.7667, Recall: 0.6250, F1: 0.6886, AUC: 0.7986
Saved Best Model
Epoch [9/10], Loss: 0.5289
Val Metrics -> Accuracy: 0.7202, Precision: 0.7612, Recall: 0.6384, F1: 0.6944, AUC: 0.8007
Saved Best Model
Epoch [10/10], Loss: 0.5249
Val Metrics -> Accuracy: 0.7223, Precision: 0.7591, Recall: 0.6480, F1: 0.6992, AUC: 0.8031
Saved Best Model
Run 3/5 for split=tcr
Processing TCR embeddings for tcr training data...
Loaded embeddings from /scratch/vgunda8/algo_comp_bio_datasets/base_tcr_embeddings_train_tcr.npy
Processing epitope embeddings for tcr training data...
Loaded embeddings from /scratch/vgunda8/algo_comp_bio_datasets/base_epi_embeddings_train_tcr.npy
Processing TCR embeddings for tcr test data...
Loaded embeddings from /scratch/vgunda8/algo_comp_bio_datasets/base_tcr_embeddings_test_tcr.npy
Processing epitope embeddings for tcr test data...
Loaded embeddings from /scratch/vgunda8/algo_comp_bio_datasets/base_epi_embeddings_test_tcr.npy
Epoch [1/10], Loss: 0.6135
Val Metrics -> Accuracy: 0.6819, Precision: 0.6808, Recall: 0.6800, F1: 0.6804, AUC: 0.7593
Saved Best Model
Epoch [2/10], Loss: 0.5799
Val Metrics -> Accuracy: 0.6970, Precision: 0.7327, Recall: 0.6162, F1: 0.6694, AUC: 0.7732
Saved Best Model
Epoch [3/10], Loss: 0.5679
Val Metrics -> Accuracy: 0.7019, Precision: 0.7728, Recall: 0.5685, F1: 0.6551, AUC: 0.7807
Saved Best Model
Epoch [4/10], Loss: 0.5588
Val Metrics -> Accuracy: 0.7068, Precision: 0.7756, Recall: 0.5785, F1: 0.6627, AUC: 0.7838
Saved Best Model
Epoch [5/10], Loss: 0.5516
Val Metrics -> Accuracy: 0.7102, Precision: 0.7486, Recall: 0.6294, F1: 0.6839, AUC: 0.7899
Saved Best Model
Epoch [6/10], Loss: 0.5458
Val Metrics -> Accuracy: 0.7129, Precision: 0.7732, Recall: 0.5993, F1: 0.6752, AUC: 0.7929
Saved Best Model
Epoch [7/10], Loss: 0.5400
Val Metrics -> Accuracy: 0.7166, Precision: 0.7482, Recall: 0.6495, F1: 0.6954, AUC: 0.7963
Saved Best Model
Epoch [8/10], Loss: 0.5339
Val Metrics -> Accuracy: 0.7136, Precision: 0.8109, Recall: 0.5540, F1: 0.6583, AUC: 0.7965
Epoch [9/10], Loss: 0.5290
Val Metrics -> Accuracy: 0.7112, Precision: 0.8182, Recall: 0.5401, F1: 0.6507, AUC: 0.7972
Epoch [10/10], Loss: 0.5244
Val Metrics -> Accuracy: 0.7193, Precision: 0.7918, Recall: 0.5920, F1: 0.6775, AUC: 0.8012
Saved Best Model
Run 4/5 for split=tcr
Processing TCR embeddings for tcr training data...
Loaded embeddings from /scratch/vgunda8/algo_comp_bio_datasets/base_tcr_embeddings_train_tcr.npy
Processing epitope embeddings for tcr training data...
Loaded embeddings from /scratch/vgunda8/algo_comp_bio_datasets/base_epi_embeddings_train_tcr.npy
Processing TCR embeddings for tcr test data...
Loaded embeddings from /scratch/vgunda8/algo_comp_bio_datasets/base_tcr_embeddings_test_tcr.npy
Processing epitope embeddings for tcr test data...
Loaded embeddings from /scratch/vgunda8/algo_comp_bio_datasets/base_epi_embeddings_test_tcr.npy
Epoch [1/10], Loss: 0.6133
Val Metrics -> Accuracy: 0.6783, Precision: 0.7693, Recall: 0.5055, F1: 0.6101, AUC: 0.7560
Saved Best Model
Epoch [2/10], Loss: 0.5813
Val Metrics -> Accuracy: 0.6972, Precision: 0.7495, Recall: 0.5887, F1: 0.6594, AUC: 0.7720
Saved Best Model
Epoch [3/10], Loss: 0.5678
Val Metrics -> Accuracy: 0.7022, Precision: 0.7870, Recall: 0.5510, F1: 0.6482, AUC: 0.7804
Saved Best Model
Epoch [4/10], Loss: 0.5592
Val Metrics -> Accuracy: 0.7056, Precision: 0.7444, Recall: 0.6225, F1: 0.6780, AUC: 0.7861
Saved Best Model
Epoch [5/10], Loss: 0.5519
Val Metrics -> Accuracy: 0.7098, Precision: 0.7393, Recall: 0.6444, F1: 0.6886, AUC: 0.7898
Saved Best Model
Epoch [6/10], Loss: 0.5460
Val Metrics -> Accuracy: 0.7134, Precision: 0.7717, Recall: 0.6028, F1: 0.6769, AUC: 0.7928
Saved Best Model
Epoch [7/10], Loss: 0.5402
Val Metrics -> Accuracy: 0.7161, Precision: 0.7571, Recall: 0.6328, F1: 0.6894, AUC: 0.7965
Saved Best Model
Epoch [8/10], Loss: 0.5343
Val Metrics -> Accuracy: 0.7153, Precision: 0.7328, Recall: 0.6740, F1: 0.7022, AUC: 0.7983
Epoch [9/10], Loss: 0.5292
Val Metrics -> Accuracy: 0.7195, Precision: 0.7669, Recall: 0.6273, F1: 0.6901, AUC: 0.7997
Saved Best Model
Epoch [10/10], Loss: 0.5255
Val Metrics -> Accuracy: 0.7207, Precision: 0.7497, Recall: 0.6592, F1: 0.7015, AUC: 0.8011
Saved Best Model
Run 5/5 for split=tcr
Processing TCR embeddings for tcr training data...
Loaded embeddings from /scratch/vgunda8/algo_comp_bio_datasets/base_tcr_embeddings_train_tcr.npy
Processing epitope embeddings for tcr training data...
Loaded embeddings from /scratch/vgunda8/algo_comp_bio_datasets/base_epi_embeddings_train_tcr.npy
Processing TCR embeddings for tcr test data...
Loaded embeddings from /scratch/vgunda8/algo_comp_bio_datasets/base_tcr_embeddings_test_tcr.npy
Processing epitope embeddings for tcr test data...
Loaded embeddings from /scratch/vgunda8/algo_comp_bio_datasets/base_epi_embeddings_test_tcr.npy
Epoch [1/10], Loss: 0.6131
Val Metrics -> Accuracy: 0.6843, Precision: 0.7574, Recall: 0.5385, F1: 0.6295, AUC: 0.7588
Saved Best Model
Epoch [2/10], Loss: 0.5804
Val Metrics -> Accuracy: 0.6887, Precision: 0.8129, Recall: 0.4868, F1: 0.6089, AUC: 0.7711
Saved Best Model
Epoch [3/10], Loss: 0.5674
Val Metrics -> Accuracy: 0.7017, Precision: 0.7340, Recall: 0.6290, F1: 0.6774, AUC: 0.7805
Saved Best Model
Epoch [4/10], Loss: 0.5583
Val Metrics -> Accuracy: 0.7044, Precision: 0.7154, Recall: 0.6749, F1: 0.6946, AUC: 0.7844
Saved Best Model
Epoch [5/10], Loss: 0.5518
Val Metrics -> Accuracy: 0.7079, Precision: 0.7792, Recall: 0.5768, F1: 0.6629, AUC: 0.7900
Saved Best Model
Epoch [6/10], Loss: 0.5450
Val Metrics -> Accuracy: 0.7135, Precision: 0.7801, Recall: 0.5914, F1: 0.6728, AUC: 0.7940
Saved Best Model
Epoch [7/10], Loss: 0.5393
Val Metrics -> Accuracy: 0.7151, Precision: 0.7640, Recall: 0.6192, F1: 0.6840, AUC: 0.7958
Saved Best Model
Epoch [8/10], Loss: 0.5339
Val Metrics -> Accuracy: 0.7162, Precision: 0.7551, Recall: 0.6364, F1: 0.6907, AUC: 0.7961
Saved Best Model
Epoch [9/10], Loss: 0.5292
Val Metrics -> Accuracy: 0.7186, Precision: 0.7629, Recall: 0.6309, F1: 0.6907, AUC: 0.7997
Saved Best Model
Epoch [10/10], Loss: 0.5242
Val Metrics -> Accuracy: 0.7202, Precision: 0.7772, Recall: 0.6140, F1: 0.6861, AUC: 0.8004
Saved Best Model
Run 1/5 for split=epi
Processing TCR embeddings for epi training data...
Loaded embeddings from /scratch/vgunda8/algo_comp_bio_datasets/base_tcr_embeddings_train_epi.npy
Processing epitope embeddings for epi training data...
Loaded embeddings from /scratch/vgunda8/algo_comp_bio_datasets/base_epi_embeddings_train_epi.npy
Processing TCR embeddings for epi test data...
Loaded embeddings from /scratch/vgunda8/algo_comp_bio_datasets/base_tcr_embeddings_test_epi.npy
Processing epitope embeddings for epi test data...
Loaded embeddings from /scratch/vgunda8/algo_comp_bio_datasets/base_epi_embeddings_test_epi.npy
Epoch [1/10], Loss: 0.6072
Val Metrics -> Accuracy: 0.6633, Precision: 0.6757, Recall: 0.6278, F1: 0.6509, AUC: 0.7245
Saved Best Model
Epoch [2/10], Loss: 0.5745
Val Metrics -> Accuracy: 0.6701, Precision: 0.7271, Recall: 0.5446, F1: 0.6227, AUC: 0.7293
Saved Best Model
Epoch [3/10], Loss: 0.5613
Val Metrics -> Accuracy: 0.6719, Precision: 0.7363, Recall: 0.5354, F1: 0.6200, AUC: 0.7330
Saved Best Model
Epoch [4/10], Loss: 0.5521
Val Metrics -> Accuracy: 0.6708, Precision: 0.7102, Recall: 0.5771, F1: 0.6368, AUC: 0.7319
Epoch [5/10], Loss: 0.5463
Val Metrics -> Accuracy: 0.6742, Precision: 0.7227, Recall: 0.5654, F1: 0.6344, AUC: 0.7368
Saved Best Model
Epoch [6/10], Loss: 0.5393
Val Metrics -> Accuracy: 0.6697, Precision: 0.7473, Recall: 0.5127, F1: 0.6082, AUC: 0.7349
Epoch [7/10], Loss: 0.5340
Val Metrics -> Accuracy: 0.6744, Precision: 0.7097, Recall: 0.5902, F1: 0.6445, AUC: 0.7372
Saved Best Model
Epoch [8/10], Loss: 0.5288
Val Metrics -> Accuracy: 0.6739, Precision: 0.7488, Recall: 0.5234, F1: 0.6161, AUC: 0.7404
Epoch [9/10], Loss: 0.5238
Val Metrics -> Accuracy: 0.6719, Precision: 0.7068, Recall: 0.5875, F1: 0.6417, AUC: 0.7361
Epoch [10/10], Loss: 0.5198
Val Metrics -> Accuracy: 0.6739, Precision: 0.7585, Recall: 0.5101, F1: 0.6100, AUC: 0.7379
Run 2/5 for split=epi
Processing TCR embeddings for epi training data...
Loaded embeddings from /scratch/vgunda8/algo_comp_bio_datasets/base_tcr_embeddings_train_epi.npy
Processing epitope embeddings for epi training data...
Loaded embeddings from /scratch/vgunda8/algo_comp_bio_datasets/base_epi_embeddings_train_epi.npy
Processing TCR embeddings for epi test data...
Loaded embeddings from /scratch/vgunda8/algo_comp_bio_datasets/base_tcr_embeddings_test_epi.npy
Processing epitope embeddings for epi test data...
Loaded embeddings from /scratch/vgunda8/algo_comp_bio_datasets/base_epi_embeddings_test_epi.npy
Epoch [1/10], Loss: 0.6076
Val Metrics -> Accuracy: 0.6641, Precision: 0.6914, Recall: 0.5929, F1: 0.6384, AUC: 0.7239
Saved Best Model
Epoch [2/10], Loss: 0.5753
Val Metrics -> Accuracy: 0.6712, Precision: 0.7274, Recall: 0.5477, F1: 0.6249, AUC: 0.7290
Saved Best Model
Epoch [3/10], Loss: 0.5614
Val Metrics -> Accuracy: 0.6725, Precision: 0.7140, Recall: 0.5755, F1: 0.6373, AUC: 0.7343
Saved Best Model
Epoch [4/10], Loss: 0.5526
Val Metrics -> Accuracy: 0.6729, Precision: 0.7420, Recall: 0.5303, F1: 0.6185, AUC: 0.7367
Saved Best Model
Epoch [5/10], Loss: 0.5461
Val Metrics -> Accuracy: 0.6745, Precision: 0.7268, Recall: 0.5590, F1: 0.6320, AUC: 0.7376
Saved Best Model
Epoch [6/10], Loss: 0.5394
Val Metrics -> Accuracy: 0.6726, Precision: 0.7292, Recall: 0.5493, F1: 0.6266, AUC: 0.7343
Epoch [7/10], Loss: 0.5339
Val Metrics -> Accuracy: 0.6741, Precision: 0.7450, Recall: 0.5294, F1: 0.6190, AUC: 0.7396
Epoch [8/10], Loss: 0.5284
Val Metrics -> Accuracy: 0.6753, Precision: 0.7428, Recall: 0.5363, F1: 0.6229, AUC: 0.7388
Saved Best Model
Epoch [9/10], Loss: 0.5241
Val Metrics -> Accuracy: 0.6737, Precision: 0.7491, Recall: 0.5224, F1: 0.6155, AUC: 0.7371
Epoch [10/10], Loss: 0.5199
Val Metrics -> Accuracy: 0.6767, Precision: 0.7453, Recall: 0.5369, F1: 0.6242, AUC: 0.7414
Saved Best Model
Run 3/5 for split=epi
Processing TCR embeddings for epi training data...
Loaded embeddings from /scratch/vgunda8/algo_comp_bio_datasets/base_tcr_embeddings_train_epi.npy
Processing epitope embeddings for epi training data...
Loaded embeddings from /scratch/vgunda8/algo_comp_bio_datasets/base_epi_embeddings_train_epi.npy
Processing TCR embeddings for epi test data...
Loaded embeddings from /scratch/vgunda8/algo_comp_bio_datasets/base_tcr_embeddings_test_epi.npy
Processing epitope embeddings for epi test data...
Loaded embeddings from /scratch/vgunda8/algo_comp_bio_datasets/base_epi_embeddings_test_epi.npy
Epoch [1/10], Loss: 0.6075
Val Metrics -> Accuracy: 0.6654, Precision: 0.6838, Recall: 0.6151, F1: 0.6477, AUC: 0.7251
Saved Best Model
Epoch [2/10], Loss: 0.5746
Val Metrics -> Accuracy: 0.6687, Precision: 0.7144, Recall: 0.5622, F1: 0.6292, AUC: 0.7293
Saved Best Model
Epoch [3/10], Loss: 0.5619
Val Metrics -> Accuracy: 0.6732, Precision: 0.7203, Recall: 0.5662, F1: 0.6340, AUC: 0.7367
Saved Best Model
Epoch [4/10], Loss: 0.5526
Val Metrics -> Accuracy: 0.6717, Precision: 0.7234, Recall: 0.5559, F1: 0.6287, AUC: 0.7323
Epoch [5/10], Loss: 0.5459
Val Metrics -> Accuracy: 0.6692, Precision: 0.7585, Recall: 0.4965, F1: 0.6002, AUC: 0.7332
Epoch [6/10], Loss: 0.5398
Val Metrics -> Accuracy: 0.6716, Precision: 0.7510, Recall: 0.5135, F1: 0.6100, AUC: 0.7358
Epoch [7/10], Loss: 0.5343
Val Metrics -> Accuracy: 0.6729, Precision: 0.7407, Recall: 0.5322, F1: 0.6194, AUC: 0.7361
Epoch [8/10], Loss: 0.5293
Val Metrics -> Accuracy: 0.6739, Precision: 0.7343, Recall: 0.5448, F1: 0.6255, AUC: 0.7396
Saved Best Model
Epoch [9/10], Loss: 0.5246
Val Metrics -> Accuracy: 0.6683, Precision: 0.7781, Recall: 0.4709, F1: 0.5867, AUC: 0.7366
Epoch [10/10], Loss: 0.5197
Val Metrics -> Accuracy: 0.6708, Precision: 0.7345, Recall: 0.5352, F1: 0.6192, AUC: 0.7350
Run 4/5 for split=epi
Processing TCR embeddings for epi training data...
Loaded embeddings from /scratch/vgunda8/algo_comp_bio_datasets/base_tcr_embeddings_train_epi.npy
Processing epitope embeddings for epi training data...
Loaded embeddings from /scratch/vgunda8/algo_comp_bio_datasets/base_epi_embeddings_train_epi.npy
Processing TCR embeddings for epi test data...
Loaded embeddings from /scratch/vgunda8/algo_comp_bio_datasets/base_tcr_embeddings_test_epi.npy
Processing epitope embeddings for epi test data...
Loaded embeddings from /scratch/vgunda8/algo_comp_bio_datasets/base_epi_embeddings_test_epi.npy
Epoch [1/10], Loss: 0.6068
Val Metrics -> Accuracy: 0.6694, Precision: 0.7120, Recall: 0.5690, F1: 0.6325, AUC: 0.7273
Saved Best Model
Epoch [2/10], Loss: 0.5741
Val Metrics -> Accuracy: 0.6717, Precision: 0.6955, Recall: 0.6108, F1: 0.6504, AUC: 0.7341
Saved Best Model
Epoch [3/10], Loss: 0.5615
Val Metrics -> Accuracy: 0.6660, Precision: 0.7603, Recall: 0.4849, F1: 0.5922, AUC: 0.7307
Epoch [4/10], Loss: 0.5521
Val Metrics -> Accuracy: 0.6716, Precision: 0.7185, Recall: 0.5641, F1: 0.6320, AUC: 0.7319
Epoch [5/10], Loss: 0.5451
Val Metrics -> Accuracy: 0.6716, Precision: 0.7351, Recall: 0.5364, F1: 0.6202, AUC: 0.7344
Epoch [6/10], Loss: 0.5395
Val Metrics -> Accuracy: 0.6682, Precision: 0.7732, Recall: 0.4760, F1: 0.5892, AUC: 0.7371
Epoch [7/10], Loss: 0.5335
Val Metrics -> Accuracy: 0.6700, Precision: 0.7442, Recall: 0.5179, F1: 0.6108, AUC: 0.7330
Epoch [8/10], Loss: 0.5292
Val Metrics -> Accuracy: 0.6705, Precision: 0.7502, Recall: 0.5111, F1: 0.6080, AUC: 0.7357
Epoch [9/10], Loss: 0.5240
Val Metrics -> Accuracy: 0.6745, Precision: 0.7241, Recall: 0.5639, F1: 0.6340, AUC: 0.7385
Saved Best Model
Epoch [10/10], Loss: 0.5199
Val Metrics -> Accuracy: 0.6705, Precision: 0.7664, Recall: 0.4906, F1: 0.5982, AUC: 0.7354
Run 5/5 for split=epi
Processing TCR embeddings for epi training data...
Loaded embeddings from /scratch/vgunda8/algo_comp_bio_datasets/base_tcr_embeddings_train_epi.npy
Processing epitope embeddings for epi training data...
Loaded embeddings from /scratch/vgunda8/algo_comp_bio_datasets/base_epi_embeddings_train_epi.npy
Processing TCR embeddings for epi test data...
Loaded embeddings from /scratch/vgunda8/algo_comp_bio_datasets/base_tcr_embeddings_test_epi.npy
Processing epitope embeddings for epi test data...
Loaded embeddings from /scratch/vgunda8/algo_comp_bio_datasets/base_epi_embeddings_test_epi.npy
Epoch [1/10], Loss: 0.6078
Val Metrics -> Accuracy: 0.6660, Precision: 0.7269, Recall: 0.5317, F1: 0.6142, AUC: 0.7238
Saved Best Model
Epoch [2/10], Loss: 0.5744
Val Metrics -> Accuracy: 0.6721, Precision: 0.7246, Recall: 0.5553, F1: 0.6288, AUC: 0.7333
Saved Best Model
Epoch [3/10], Loss: 0.5613
Val Metrics -> Accuracy: 0.6701, Precision: 0.7274, Recall: 0.5442, F1: 0.6226, AUC: 0.7301
Epoch [4/10], Loss: 0.5532
Val Metrics -> Accuracy: 0.6693, Precision: 0.7136, Recall: 0.5656, F1: 0.6310, AUC: 0.7316
Epoch [5/10], Loss: 0.5461
Val Metrics -> Accuracy: 0.6680, Precision: 0.7334, Recall: 0.5279, F1: 0.6139, AUC: 0.7326
Epoch [6/10], Loss: 0.5400
Val Metrics -> Accuracy: 0.6757, Precision: 0.7184, Recall: 0.5778, F1: 0.6405, AUC: 0.7389
Saved Best Model
Epoch [7/10], Loss: 0.5336
Val Metrics -> Accuracy: 0.6713, Precision: 0.7062, Recall: 0.5867, F1: 0.6409, AUC: 0.7336
Epoch [8/10], Loss: 0.5295
Val Metrics -> Accuracy: 0.6729, Precision: 0.7309, Recall: 0.5472, F1: 0.6258, AUC: 0.7368
Epoch [9/10], Loss: 0.5245
Val Metrics -> Accuracy: 0.6715, Precision: 0.7721, Recall: 0.4867, F1: 0.5970, AUC: 0.7371
Epoch [10/10], Loss: 0.5198
Val Metrics -> Accuracy: 0.6708, Precision: 0.7298, Recall: 0.5423, F1: 0.6222, AUC: 0.7333
Run 1/5 for split=random
Processing TCR embeddings for random training data...
Loaded embeddings from /scratch/vgunda8/algo_comp_bio_datasets/base_tcr_embeddings_train_random.npy
Processing epitope embeddings for random training data...
Loaded embeddings from /scratch/vgunda8/algo_comp_bio_datasets/base_epi_embeddings_train_random.npy
Processing TCR embeddings for random test data...
Loaded embeddings from /scratch/vgunda8/algo_comp_bio_datasets/base_tcr_embeddings_test_random.npy
Processing epitope embeddings for random test data...
Loaded embeddings from /scratch/vgunda8/algo_comp_bio_datasets/base_epi_embeddings_test_random.npy
Epoch [1/10], Loss: 0.6121
Val Metrics -> Accuracy: 0.6808, Precision: 0.7120, Recall: 0.6067, F1: 0.6551, AUC: 0.7522
Saved Best Model
Epoch [2/10], Loss: 0.5800
Val Metrics -> Accuracy: 0.6917, Precision: 0.7005, Recall: 0.6689, F1: 0.6844, AUC: 0.7694
Saved Best Model
Epoch [3/10], Loss: 0.5675
Val Metrics -> Accuracy: 0.6985, Precision: 0.7766, Recall: 0.5568, F1: 0.6486, AUC: 0.7780
Saved Best Model
Epoch [4/10], Loss: 0.5580
Val Metrics -> Accuracy: 0.7024, Precision: 0.7813, Recall: 0.5616, F1: 0.6535, AUC: 0.7812
Saved Best Model
Epoch [5/10], Loss: 0.5506
Val Metrics -> Accuracy: 0.7075, Precision: 0.7678, Recall: 0.5944, F1: 0.6700, AUC: 0.7875
Saved Best Model
Epoch [6/10], Loss: 0.5444
Val Metrics -> Accuracy: 0.7134, Precision: 0.7562, Recall: 0.6293, F1: 0.6869, AUC: 0.7922
Saved Best Model
Epoch [7/10], Loss: 0.5387
Val Metrics -> Accuracy: 0.7131, Precision: 0.7829, Recall: 0.5893, F1: 0.6725, AUC: 0.7944
Epoch [8/10], Loss: 0.5335
Val Metrics -> Accuracy: 0.7170, Precision: 0.7887, Recall: 0.5924, F1: 0.6766, AUC: 0.7988
Saved Best Model
Epoch [9/10], Loss: 0.5282
Val Metrics -> Accuracy: 0.7164, Precision: 0.7881, Recall: 0.5915, F1: 0.6758, AUC: 0.7989
Epoch [10/10], Loss: 0.5242
Val Metrics -> Accuracy: 0.7209, Precision: 0.7683, Recall: 0.6319, F1: 0.6935, AUC: 0.8007
Saved Best Model
Run 2/5 for split=random
Processing TCR embeddings for random training data...
Loaded embeddings from /scratch/vgunda8/algo_comp_bio_datasets/base_tcr_embeddings_train_random.npy
Processing epitope embeddings for random training data...
Loaded embeddings from /scratch/vgunda8/algo_comp_bio_datasets/base_epi_embeddings_train_random.npy
Processing TCR embeddings for random test data...
Loaded embeddings from /scratch/vgunda8/algo_comp_bio_datasets/base_tcr_embeddings_test_random.npy
Processing epitope embeddings for random test data...
Loaded embeddings from /scratch/vgunda8/algo_comp_bio_datasets/base_epi_embeddings_test_random.npy
Epoch [1/10], Loss: 0.6122
Val Metrics -> Accuracy: 0.6769, Precision: 0.7521, Recall: 0.5270, F1: 0.6197, AUC: 0.7494
Saved Best Model
Epoch [2/10], Loss: 0.5799
Val Metrics -> Accuracy: 0.6909, Precision: 0.7469, Recall: 0.5768, F1: 0.6509, AUC: 0.7649
Saved Best Model
Epoch [3/10], Loss: 0.5674
Val Metrics -> Accuracy: 0.7010, Precision: 0.7610, Recall: 0.5855, F1: 0.6619, AUC: 0.7790
Saved Best Model
Epoch [4/10], Loss: 0.5581
Val Metrics -> Accuracy: 0.7050, Precision: 0.7304, Recall: 0.6492, F1: 0.6874, AUC: 0.7834
Saved Best Model
Epoch [5/10], Loss: 0.5510
Val Metrics -> Accuracy: 0.7106, Precision: 0.7560, Recall: 0.6213, F1: 0.6821, AUC: 0.7884
Saved Best Model
Epoch [6/10], Loss: 0.5442
Val Metrics -> Accuracy: 0.7115, Precision: 0.7633, Recall: 0.6126, F1: 0.6797, AUC: 0.7906
Saved Best Model
Epoch [7/10], Loss: 0.5391
Val Metrics -> Accuracy: 0.7151, Precision: 0.7401, Recall: 0.6626, F1: 0.6992, AUC: 0.7950
Saved Best Model
Epoch [8/10], Loss: 0.5338
Val Metrics -> Accuracy: 0.7112, Precision: 0.8002, Recall: 0.5626, F1: 0.6607, AUC: 0.7961
Epoch [9/10], Loss: 0.5291
Val Metrics -> Accuracy: 0.7179, Precision: 0.7840, Recall: 0.6012, F1: 0.6805, AUC: 0.7997
Saved Best Model
Epoch [10/10], Loss: 0.5237
Val Metrics -> Accuracy: 0.7195, Precision: 0.7460, Recall: 0.6650, F1: 0.7032, AUC: 0.7995
Saved Best Model
Run 3/5 for split=random
Processing TCR embeddings for random training data...
Loaded embeddings from /scratch/vgunda8/algo_comp_bio_datasets/base_tcr_embeddings_train_random.npy
Processing epitope embeddings for random training data...
Loaded embeddings from /scratch/vgunda8/algo_comp_bio_datasets/base_epi_embeddings_train_random.npy
Processing TCR embeddings for random test data...
Loaded embeddings from /scratch/vgunda8/algo_comp_bio_datasets/base_tcr_embeddings_test_random.npy
Processing epitope embeddings for random test data...
Loaded embeddings from /scratch/vgunda8/algo_comp_bio_datasets/base_epi_embeddings_test_random.npy
Epoch [1/10], Loss: 0.6131
Val Metrics -> Accuracy: 0.6782, Precision: 0.6782, Recall: 0.6772, F1: 0.6777, AUC: 0.7518
Saved Best Model
Epoch [2/10], Loss: 0.5807
Val Metrics -> Accuracy: 0.6949, Precision: 0.7485, Recall: 0.5864, F1: 0.6576, AUC: 0.7705
Saved Best Model
Epoch [3/10], Loss: 0.5673
Val Metrics -> Accuracy: 0.6979, Precision: 0.7933, Recall: 0.5348, F1: 0.6389, AUC: 0.7779
Saved Best Model
Epoch [4/10], Loss: 0.5587
Val Metrics -> Accuracy: 0.6985, Precision: 0.8082, Recall: 0.5201, F1: 0.6329, AUC: 0.7824
Saved Best Model
Epoch [5/10], Loss: 0.5512
Val Metrics -> Accuracy: 0.7091, Precision: 0.7421, Recall: 0.6402, F1: 0.6874, AUC: 0.7879
Saved Best Model
Epoch [6/10], Loss: 0.5450
Val Metrics -> Accuracy: 0.7121, Precision: 0.7574, Recall: 0.6236, F1: 0.6840, AUC: 0.7916
Saved Best Model
Epoch [7/10], Loss: 0.5404
Val Metrics -> Accuracy: 0.7146, Precision: 0.7700, Recall: 0.6114, F1: 0.6816, AUC: 0.7948
Saved Best Model
Epoch [8/10], Loss: 0.5347
Val Metrics -> Accuracy: 0.7148, Precision: 0.7771, Recall: 0.6018, F1: 0.6783, AUC: 0.7954
Saved Best Model
Epoch [9/10], Loss: 0.5298
Val Metrics -> Accuracy: 0.7173, Precision: 0.7971, Recall: 0.5826, F1: 0.6732, AUC: 0.8002
Saved Best Model
Epoch [10/10], Loss: 0.5243
Val Metrics -> Accuracy: 0.7175, Precision: 0.7923, Recall: 0.5891, F1: 0.6758, AUC: 0.8000
Saved Best Model
Run 4/5 for split=random
Processing TCR embeddings for random training data...
Loaded embeddings from /scratch/vgunda8/algo_comp_bio_datasets/base_tcr_embeddings_train_random.npy
Processing epitope embeddings for random training data...
Loaded embeddings from /scratch/vgunda8/algo_comp_bio_datasets/base_epi_embeddings_train_random.npy
Processing TCR embeddings for random test data...
Loaded embeddings from /scratch/vgunda8/algo_comp_bio_datasets/base_tcr_embeddings_test_random.npy
Processing epitope embeddings for random test data...
Loaded embeddings from /scratch/vgunda8/algo_comp_bio_datasets/base_epi_embeddings_test_random.npy
Epoch [1/10], Loss: 0.6126
Val Metrics -> Accuracy: 0.6796, Precision: 0.7444, Recall: 0.5465, F1: 0.6303, AUC: 0.7521
Saved Best Model
Epoch [2/10], Loss: 0.5801
Val Metrics -> Accuracy: 0.6930, Precision: 0.7647, Recall: 0.5568, F1: 0.6444, AUC: 0.7698
Saved Best Model
Epoch [3/10], Loss: 0.5672
Val Metrics -> Accuracy: 0.6980, Precision: 0.7754, Recall: 0.5570, F1: 0.6483, AUC: 0.7751
Saved Best Model
Epoch [4/10], Loss: 0.5583
Val Metrics -> Accuracy: 0.7061, Precision: 0.7636, Recall: 0.5966, F1: 0.6698, AUC: 0.7822
Saved Best Model
Epoch [5/10], Loss: 0.5505
Val Metrics -> Accuracy: 0.7077, Precision: 0.7432, Recall: 0.6340, F1: 0.6843, AUC: 0.7873
Saved Best Model
Epoch [6/10], Loss: 0.5450
Val Metrics -> Accuracy: 0.7110, Precision: 0.7606, Recall: 0.6155, F1: 0.6804, AUC: 0.7910
Saved Best Model
Epoch [7/10], Loss: 0.5392
Val Metrics -> Accuracy: 0.7125, Precision: 0.7923, Recall: 0.5754, F1: 0.6667, AUC: 0.7945
Saved Best Model
Epoch [8/10], Loss: 0.5341
Val Metrics -> Accuracy: 0.7151, Precision: 0.7824, Recall: 0.5954, F1: 0.6762, AUC: 0.7950
Saved Best Model
Epoch [9/10], Loss: 0.5292
Val Metrics -> Accuracy: 0.7140, Precision: 0.7769, Recall: 0.6000, F1: 0.6771, AUC: 0.7963
Epoch [10/10], Loss: 0.5239
Val Metrics -> Accuracy: 0.7200, Precision: 0.7582, Recall: 0.6455, F1: 0.6974, AUC: 0.8015
Saved Best Model
Run 5/5 for split=random
Processing TCR embeddings for random training data...
Loaded embeddings from /scratch/vgunda8/algo_comp_bio_datasets/base_tcr_embeddings_train_random.npy
Processing epitope embeddings for random training data...
Loaded embeddings from /scratch/vgunda8/algo_comp_bio_datasets/base_epi_embeddings_train_random.npy
Processing TCR embeddings for random test data...
Loaded embeddings from /scratch/vgunda8/algo_comp_bio_datasets/base_tcr_embeddings_test_random.npy
Processing epitope embeddings for random test data...
Loaded embeddings from /scratch/vgunda8/algo_comp_bio_datasets/base_epi_embeddings_test_random.npy
Epoch [1/10], Loss: 0.6133
Val Metrics -> Accuracy: 0.6814, Precision: 0.7262, Recall: 0.5817, F1: 0.6460, AUC: 0.7526
Saved Best Model
Epoch [2/10], Loss: 0.5807
Val Metrics -> Accuracy: 0.6949, Precision: 0.7376, Recall: 0.6045, F1: 0.6645, AUC: 0.7689
Saved Best Model
Epoch [3/10], Loss: 0.5678
Val Metrics -> Accuracy: 0.7007, Precision: 0.7367, Recall: 0.6240, F1: 0.6757, AUC: 0.7784
Saved Best Model
Epoch [4/10], Loss: 0.5582
Val Metrics -> Accuracy: 0.7038, Precision: 0.7794, Recall: 0.5681, F1: 0.6572, AUC: 0.7821
Saved Best Model
Epoch [5/10], Loss: 0.5511
Val Metrics -> Accuracy: 0.7076, Precision: 0.7556, Recall: 0.6130, F1: 0.6769, AUC: 0.7878
Saved Best Model
Epoch [6/10], Loss: 0.5446
Val Metrics -> Accuracy: 0.7131, Precision: 0.7681, Recall: 0.6101, F1: 0.6800, AUC: 0.7928
Saved Best Model
Epoch [7/10], Loss: 0.5387
Val Metrics -> Accuracy: 0.7128, Precision: 0.7770, Recall: 0.5965, F1: 0.6749, AUC: 0.7930
Epoch [8/10], Loss: 0.5340
Val Metrics -> Accuracy: 0.7139, Precision: 0.7917, Recall: 0.5799, F1: 0.6695, AUC: 0.7967
Saved Best Model
Epoch [9/10], Loss: 0.5298
Val Metrics -> Accuracy: 0.7192, Precision: 0.7669, Recall: 0.6293, F1: 0.6913, AUC: 0.7991
Saved Best Model
Epoch [10/10], Loss: 0.5240
Val Metrics -> Accuracy: 0.7129, Precision: 0.8205, Recall: 0.5445, F1: 0.6546, AUC: 0.7994
Final Results Table Over 5 Runs (TCR and EPI Splits):
    Split  Precision    Recall  F1-Score  Accuracy       AUC
0     tcr   0.770920  0.626009  0.690371  0.720695  0.801577
1     epi   0.726388  0.562728  0.633745  0.675040  0.739110
2  random   0.766363  0.632150  0.692210  0.719402  0.800171
