Using device: cuda
Run 1/5 for split=tcr, max_length=3
Embeddings file /scratch/vgunda8/algo_comp_bio_datasets/tcr_embeddings_train_tcr_len3.h5 already exists. Using existing file.
Embeddings file /scratch/vgunda8/algo_comp_bio_datasets/epi_embeddings_train_tcr_len3.h5 already exists. Using existing file.
Embeddings file /scratch/vgunda8/algo_comp_bio_datasets/tcr_embeddings_test_tcr_len3.h5 already exists. Using existing file.
Embeddings file /scratch/vgunda8/algo_comp_bio_datasets/epi_embeddings_test_tcr_len3.h5 already exists. Using existing file.
Epoch [1/10], Loss: 0.6738
Val Metrics -> Accuracy: 0.5378, Precision: 0.7800, Recall: 0.1000, F1: 0.1773, AUC: 0.5502
Saved Best Model
Epoch [2/10], Loss: 0.6695
Val Metrics -> Accuracy: 0.5328, Precision: 0.5503, Recall: 0.3378, F1: 0.4186, AUC: 0.5598
Epoch [3/10], Loss: 0.6686
Val Metrics -> Accuracy: 0.5380, Precision: 0.9745, Recall: 0.0742, F1: 0.1379, AUC: 0.5614
Saved Best Model
Epoch [4/10], Loss: 0.6681
Val Metrics -> Accuracy: 0.5380, Precision: 0.9745, Recall: 0.0742, F1: 0.1379, AUC: 0.5603
Epoch [5/10], Loss: 0.6681
Val Metrics -> Accuracy: 0.5380, Precision: 0.9745, Recall: 0.0742, F1: 0.1379, AUC: 0.5643
Epoch [6/10], Loss: 0.6679
Val Metrics -> Accuracy: 0.5381, Precision: 0.9754, Recall: 0.0742, F1: 0.1379, AUC: 0.5620
Saved Best Model
Epoch [7/10], Loss: 0.6678
Val Metrics -> Accuracy: 0.5380, Precision: 0.9745, Recall: 0.0742, F1: 0.1379, AUC: 0.5582
Epoch [8/10], Loss: 0.6675
Val Metrics -> Accuracy: 0.5380, Precision: 0.9770, Recall: 0.0740, F1: 0.1375, AUC: 0.5625
Epoch [9/10], Loss: 0.6674
Val Metrics -> Accuracy: 0.5347, Precision: 0.5567, Recall: 0.3219, F1: 0.4079, AUC: 0.5622
Epoch [10/10], Loss: 0.6673
Val Metrics -> Accuracy: 0.5371, Precision: 0.6346, Recall: 0.1660, F1: 0.2631, AUC: 0.5610
Run 2/5 for split=tcr, max_length=3
Embeddings file /scratch/vgunda8/algo_comp_bio_datasets/tcr_embeddings_train_tcr_len3.h5 already exists. Using existing file.
Embeddings file /scratch/vgunda8/algo_comp_bio_datasets/epi_embeddings_train_tcr_len3.h5 already exists. Using existing file.
Embeddings file /scratch/vgunda8/algo_comp_bio_datasets/tcr_embeddings_test_tcr_len3.h5 already exists. Using existing file.
Embeddings file /scratch/vgunda8/algo_comp_bio_datasets/epi_embeddings_test_tcr_len3.h5 already exists. Using existing file.
Epoch [1/10], Loss: 0.6741
Val Metrics -> Accuracy: 0.5377, Precision: 0.5690, Recall: 0.2952, F1: 0.3887, AUC: 0.5633
Saved Best Model
Epoch [2/10], Loss: 0.6692
Val Metrics -> Accuracy: 0.5302, Precision: 0.5322, Recall: 0.4670, F1: 0.4975, AUC: 0.5499
Epoch [3/10], Loss: 0.6686
Val Metrics -> Accuracy: 0.5329, Precision: 0.5775, Recall: 0.2305, F1: 0.3295, AUC: 0.5584
Epoch [4/10], Loss: 0.6683
Val Metrics -> Accuracy: 0.5345, Precision: 0.5495, Recall: 0.3621, F1: 0.4365, AUC: 0.5587
Epoch [5/10], Loss: 0.6681
Val Metrics -> Accuracy: 0.5354, Precision: 0.6170, Recall: 0.1765, F1: 0.2745, AUC: 0.5602
Epoch [6/10], Loss: 0.6676
Val Metrics -> Accuracy: 0.5380, Precision: 0.9745, Recall: 0.0742, F1: 0.1379, AUC: 0.5613
Saved Best Model
Epoch [7/10], Loss: 0.6676
Val Metrics -> Accuracy: 0.5380, Precision: 0.9745, Recall: 0.0742, F1: 0.1379, AUC: 0.5614
Epoch [8/10], Loss: 0.6672
Val Metrics -> Accuracy: 0.5380, Precision: 0.9745, Recall: 0.0742, F1: 0.1379, AUC: 0.5627
Epoch [9/10], Loss: 0.6668
Val Metrics -> Accuracy: 0.5380, Precision: 0.9745, Recall: 0.0742, F1: 0.1379, AUC: 0.5623
Epoch [10/10], Loss: 0.6667
Val Metrics -> Accuracy: 0.5382, Precision: 0.9818, Recall: 0.0739, F1: 0.1374, AUC: 0.5615
Saved Best Model
Run 3/5 for split=tcr, max_length=3
Embeddings file /scratch/vgunda8/algo_comp_bio_datasets/tcr_embeddings_train_tcr_len3.h5 already exists. Using existing file.
Embeddings file /scratch/vgunda8/algo_comp_bio_datasets/epi_embeddings_train_tcr_len3.h5 already exists. Using existing file.
Embeddings file /scratch/vgunda8/algo_comp_bio_datasets/tcr_embeddings_test_tcr_len3.h5 already exists. Using existing file.
Embeddings file /scratch/vgunda8/algo_comp_bio_datasets/epi_embeddings_test_tcr_len3.h5 already exists. Using existing file.
Epoch [1/10], Loss: 0.6738
Val Metrics -> Accuracy: 0.5372, Precision: 0.9898, Recall: 0.0712, F1: 0.1329, AUC: 0.5620
Saved Best Model
Epoch [2/10], Loss: 0.6695
Val Metrics -> Accuracy: 0.5380, Precision: 0.9745, Recall: 0.0742, F1: 0.1379, AUC: 0.5566
Saved Best Model
Epoch [3/10], Loss: 0.6686
Val Metrics -> Accuracy: 0.5380, Precision: 0.9745, Recall: 0.0742, F1: 0.1379, AUC: 0.5619
Epoch [4/10], Loss: 0.6684
Val Metrics -> Accuracy: 0.5380, Precision: 0.9745, Recall: 0.0742, F1: 0.1379, AUC: 0.5609
Epoch [5/10], Loss: 0.6682
Val Metrics -> Accuracy: 0.5380, Precision: 0.9745, Recall: 0.0742, F1: 0.1379, AUC: 0.5597
Epoch [6/10], Loss: 0.6679
Val Metrics -> Accuracy: 0.5380, Precision: 0.9745, Recall: 0.0742, F1: 0.1379, AUC: 0.5580
Epoch [7/10], Loss: 0.6678
Val Metrics -> Accuracy: 0.5350, Precision: 0.6321, Recall: 0.1580, F1: 0.2528, AUC: 0.5594
Epoch [8/10], Loss: 0.6675
Val Metrics -> Accuracy: 0.5333, Precision: 0.5529, Recall: 0.3274, F1: 0.4112, AUC: 0.5521
Epoch [9/10], Loss: 0.6674
Val Metrics -> Accuracy: 0.5368, Precision: 0.7379, Recall: 0.1083, F1: 0.1889, AUC: 0.5610
Epoch [10/10], Loss: 0.6672
Val Metrics -> Accuracy: 0.5380, Precision: 0.9745, Recall: 0.0742, F1: 0.1379, AUC: 0.5634
Run 4/5 for split=tcr, max_length=3
Embeddings file /scratch/vgunda8/algo_comp_bio_datasets/tcr_embeddings_train_tcr_len3.h5 already exists. Using existing file.
Embeddings file /scratch/vgunda8/algo_comp_bio_datasets/epi_embeddings_train_tcr_len3.h5 already exists. Using existing file.
Embeddings file /scratch/vgunda8/algo_comp_bio_datasets/tcr_embeddings_test_tcr_len3.h5 already exists. Using existing file.
Embeddings file /scratch/vgunda8/algo_comp_bio_datasets/epi_embeddings_test_tcr_len3.h5 already exists. Using existing file.
Epoch [1/10], Loss: 0.6737
Val Metrics -> Accuracy: 0.5372, Precision: 0.9902, Recall: 0.0713, F1: 0.1330, AUC: 0.5607
Saved Best Model
Epoch [2/10], Loss: 0.6695
Val Metrics -> Accuracy: 0.5375, Precision: 0.9885, Recall: 0.0720, F1: 0.1342, AUC: 0.5596
Saved Best Model
Epoch [3/10], Loss: 0.6690
Val Metrics -> Accuracy: 0.5377, Precision: 0.9215, Recall: 0.0782, F1: 0.1442, AUC: 0.5632
Saved Best Model
Epoch [4/10], Loss: 0.6684
Val Metrics -> Accuracy: 0.5374, Precision: 0.6694, Recall: 0.1402, F1: 0.2318, AUC: 0.5610
Epoch [5/10], Loss: 0.6680
Val Metrics -> Accuracy: 0.5377, Precision: 0.9215, Recall: 0.0782, F1: 0.1442, AUC: 0.5574
Epoch [6/10], Loss: 0.6677
Val Metrics -> Accuracy: 0.5343, Precision: 0.5503, Recall: 0.3537, F1: 0.4306, AUC: 0.5588
Epoch [7/10], Loss: 0.6674
Val Metrics -> Accuracy: 0.5380, Precision: 0.9745, Recall: 0.0742, F1: 0.1379, AUC: 0.5589
Saved Best Model
Epoch [8/10], Loss: 0.6673
Val Metrics -> Accuracy: 0.5339, Precision: 0.5782, Recall: 0.2365, F1: 0.3357, AUC: 0.5567
Epoch [9/10], Loss: 0.6671
Val Metrics -> Accuracy: 0.5381, Precision: 0.9754, Recall: 0.0742, F1: 0.1379, AUC: 0.5604
Saved Best Model
Epoch [10/10], Loss: 0.6669
Val Metrics -> Accuracy: 0.5364, Precision: 0.5534, Recall: 0.3576, F1: 0.4345, AUC: 0.5586
Run 5/5 for split=tcr, max_length=3
Embeddings file /scratch/vgunda8/algo_comp_bio_datasets/tcr_embeddings_train_tcr_len3.h5 already exists. Using existing file.
Embeddings file /scratch/vgunda8/algo_comp_bio_datasets/epi_embeddings_train_tcr_len3.h5 already exists. Using existing file.
Embeddings file /scratch/vgunda8/algo_comp_bio_datasets/tcr_embeddings_test_tcr_len3.h5 already exists. Using existing file.
Embeddings file /scratch/vgunda8/algo_comp_bio_datasets/epi_embeddings_test_tcr_len3.h5 already exists. Using existing file.
Epoch [1/10], Loss: 0.6738
Val Metrics -> Accuracy: 0.5364, Precision: 0.5470, Recall: 0.4017, F1: 0.4632, AUC: 0.5587
Saved Best Model
Epoch [2/10], Loss: 0.6695
Val Metrics -> Accuracy: 0.5380, Precision: 0.9745, Recall: 0.0742, F1: 0.1379, AUC: 0.5616
Saved Best Model
Epoch [3/10], Loss: 0.6689
Val Metrics -> Accuracy: 0.5375, Precision: 0.9885, Recall: 0.0720, F1: 0.1342, AUC: 0.5592
Epoch [4/10], Loss: 0.6683
Val Metrics -> Accuracy: 0.5380, Precision: 0.9745, Recall: 0.0742, F1: 0.1379, AUC: 0.5584
Epoch [5/10], Loss: 0.6680
Val Metrics -> Accuracy: 0.5377, Precision: 0.9223, Recall: 0.0782, F1: 0.1442, AUC: 0.5579
Epoch [6/10], Loss: 0.6678
Val Metrics -> Accuracy: 0.5381, Precision: 0.9754, Recall: 0.0742, F1: 0.1379, AUC: 0.5587
Saved Best Model
Epoch [7/10], Loss: 0.6679
Val Metrics -> Accuracy: 0.5381, Precision: 0.9754, Recall: 0.0742, F1: 0.1379, AUC: 0.5575
Epoch [8/10], Loss: 0.6674
Val Metrics -> Accuracy: 0.5380, Precision: 0.9745, Recall: 0.0742, F1: 0.1379, AUC: 0.5548
Epoch [9/10], Loss: 0.6673
Val Metrics -> Accuracy: 0.5351, Precision: 0.6124, Recall: 0.1805, F1: 0.2788, AUC: 0.5600
Epoch [10/10], Loss: 0.6671
Val Metrics -> Accuracy: 0.5380, Precision: 0.9745, Recall: 0.0742, F1: 0.1379, AUC: 0.5598
Run 1/5 for split=epi, max_length=3
Embeddings file /scratch/vgunda8/algo_comp_bio_datasets/tcr_embeddings_train_epi_len3.h5 already exists. Using existing file.
Embeddings file /scratch/vgunda8/algo_comp_bio_datasets/epi_embeddings_train_epi_len3.h5 already exists. Using existing file.
Embeddings file /scratch/vgunda8/algo_comp_bio_datasets/tcr_embeddings_test_epi_len3.h5 already exists. Using existing file.
Embeddings file /scratch/vgunda8/algo_comp_bio_datasets/epi_embeddings_test_epi_len3.h5 already exists. Using existing file.
Epoch [1/10], Loss: 0.6710
Val Metrics -> Accuracy: 0.5059, Precision: 0.8543, Recall: 0.0143, F1: 0.0280, AUC: 0.5037
Saved Best Model
Epoch [2/10], Loss: 0.6661
Val Metrics -> Accuracy: 0.5006, Precision: 0.5005, Recall: 0.6372, F1: 0.5606, AUC: 0.5052
Epoch [3/10], Loss: 0.6655
Val Metrics -> Accuracy: 0.5058, Precision: 0.5851, Recall: 0.0401, F1: 0.0750, AUC: 0.5061
Epoch [4/10], Loss: 0.6652
Val Metrics -> Accuracy: 0.5060, Precision: 0.8454, Recall: 0.0147, F1: 0.0289, AUC: 0.5057
Saved Best Model
Epoch [5/10], Loss: 0.6647
Val Metrics -> Accuracy: 0.5060, Precision: 0.8447, Recall: 0.0146, F1: 0.0287, AUC: 0.5062
Epoch [6/10], Loss: 0.6643
Val Metrics -> Accuracy: 0.5060, Precision: 0.8447, Recall: 0.0146, F1: 0.0287, AUC: 0.5030
Epoch [7/10], Loss: 0.6643
Val Metrics -> Accuracy: 0.5060, Precision: 0.8454, Recall: 0.0147, F1: 0.0289, AUC: 0.5028
Epoch [8/10], Loss: 0.6640
Val Metrics -> Accuracy: 0.5051, Precision: 0.5974, Recall: 0.0314, F1: 0.0596, AUC: 0.5043
Epoch [9/10], Loss: 0.6636
Val Metrics -> Accuracy: 0.5060, Precision: 0.8447, Recall: 0.0146, F1: 0.0287, AUC: 0.5048
Epoch [10/10], Loss: 0.6635
Val Metrics -> Accuracy: 0.5060, Precision: 0.8447, Recall: 0.0146, F1: 0.0287, AUC: 0.5062
Run 2/5 for split=epi, max_length=3
Embeddings file /scratch/vgunda8/algo_comp_bio_datasets/tcr_embeddings_train_epi_len3.h5 already exists. Using existing file.
Embeddings file /scratch/vgunda8/algo_comp_bio_datasets/epi_embeddings_train_epi_len3.h5 already exists. Using existing file.
Embeddings file /scratch/vgunda8/algo_comp_bio_datasets/tcr_embeddings_test_epi_len3.h5 already exists. Using existing file.
Embeddings file /scratch/vgunda8/algo_comp_bio_datasets/epi_embeddings_test_epi_len3.h5 already exists. Using existing file.
Epoch [1/10], Loss: 0.6702
Val Metrics -> Accuracy: 0.5060, Precision: 0.8454, Recall: 0.0147, F1: 0.0289, AUC: 0.5028
Saved Best Model
Epoch [2/10], Loss: 0.6666
Val Metrics -> Accuracy: 0.5060, Precision: 0.8454, Recall: 0.0147, F1: 0.0289, AUC: 0.5031
Epoch [3/10], Loss: 0.6655
Val Metrics -> Accuracy: 0.5060, Precision: 0.8454, Recall: 0.0147, F1: 0.0289, AUC: 0.5022
Epoch [4/10], Loss: 0.6650
Val Metrics -> Accuracy: 0.5060, Precision: 0.8454, Recall: 0.0147, F1: 0.0289, AUC: 0.5024
Epoch [5/10], Loss: 0.6647
Val Metrics -> Accuracy: 0.5060, Precision: 0.8454, Recall: 0.0147, F1: 0.0289, AUC: 0.5029
Epoch [6/10], Loss: 0.6645
Val Metrics -> Accuracy: 0.5060, Precision: 0.8447, Recall: 0.0146, F1: 0.0287, AUC: 0.5030
Epoch [7/10], Loss: 0.6643
Val Metrics -> Accuracy: 0.5036, Precision: 0.5161, Recall: 0.1153, F1: 0.1885, AUC: 0.5022
Epoch [8/10], Loss: 0.6641
Val Metrics -> Accuracy: 0.5060, Precision: 0.8454, Recall: 0.0147, F1: 0.0289, AUC: 0.5022
Epoch [9/10], Loss: 0.6640
Val Metrics -> Accuracy: 0.5058, Precision: 0.8639, Recall: 0.0138, F1: 0.0272, AUC: 0.5024
Epoch [10/10], Loss: 0.6637
Val Metrics -> Accuracy: 0.5060, Precision: 0.8454, Recall: 0.0147, F1: 0.0289, AUC: 0.5026
Run 3/5 for split=epi, max_length=3
Embeddings file /scratch/vgunda8/algo_comp_bio_datasets/tcr_embeddings_train_epi_len3.h5 already exists. Using existing file.
Embeddings file /scratch/vgunda8/algo_comp_bio_datasets/epi_embeddings_train_epi_len3.h5 already exists. Using existing file.
Embeddings file /scratch/vgunda8/algo_comp_bio_datasets/tcr_embeddings_test_epi_len3.h5 already exists. Using existing file.
Embeddings file /scratch/vgunda8/algo_comp_bio_datasets/epi_embeddings_test_epi_len3.h5 already exists. Using existing file.
Epoch [1/10], Loss: 0.6705
Val Metrics -> Accuracy: 0.5060, Precision: 0.8629, Recall: 0.0143, F1: 0.0281, AUC: 0.5054
Saved Best Model
Epoch [2/10], Loss: 0.6665
Val Metrics -> Accuracy: 0.5058, Precision: 0.8833, Recall: 0.0133, F1: 0.0263, AUC: 0.5027
Epoch [3/10], Loss: 0.6654
Val Metrics -> Accuracy: 0.5060, Precision: 0.8454, Recall: 0.0147, F1: 0.0289, AUC: 0.5019
Epoch [4/10], Loss: 0.6651
Val Metrics -> Accuracy: 0.5060, Precision: 0.8454, Recall: 0.0147, F1: 0.0289, AUC: 0.5022
Epoch [5/10], Loss: 0.6649
Val Metrics -> Accuracy: 0.5060, Precision: 0.8454, Recall: 0.0147, F1: 0.0289, AUC: 0.5030
Epoch [6/10], Loss: 0.6646
Val Metrics -> Accuracy: 0.5060, Precision: 0.8447, Recall: 0.0146, F1: 0.0287, AUC: 0.5058
Epoch [7/10], Loss: 0.6643
Val Metrics -> Accuracy: 0.5060, Precision: 0.8454, Recall: 0.0147, F1: 0.0289, AUC: 0.5022
Epoch [8/10], Loss: 0.6644
Val Metrics -> Accuracy: 0.5060, Precision: 0.8447, Recall: 0.0146, F1: 0.0287, AUC: 0.5028
Epoch [9/10], Loss: 0.6638
Val Metrics -> Accuracy: 0.5060, Precision: 0.8447, Recall: 0.0146, F1: 0.0287, AUC: 0.5025
Epoch [10/10], Loss: 0.6635
Val Metrics -> Accuracy: 0.5060, Precision: 0.8447, Recall: 0.0146, F1: 0.0287, AUC: 0.5025
Run 4/5 for split=epi, max_length=3
Embeddings file /scratch/vgunda8/algo_comp_bio_datasets/tcr_embeddings_train_epi_len3.h5 already exists. Using existing file.
Embeddings file /scratch/vgunda8/algo_comp_bio_datasets/epi_embeddings_train_epi_len3.h5 already exists. Using existing file.
Embeddings file /scratch/vgunda8/algo_comp_bio_datasets/tcr_embeddings_test_epi_len3.h5 already exists. Using existing file.
Embeddings file /scratch/vgunda8/algo_comp_bio_datasets/epi_embeddings_test_epi_len3.h5 already exists. Using existing file.
Epoch [1/10], Loss: 0.6700
Val Metrics -> Accuracy: 0.5053, Precision: 0.5053, Recall: 0.5112, F1: 0.5082, AUC: 0.5079
Saved Best Model
Epoch [2/10], Loss: 0.6662
Val Metrics -> Accuracy: 0.5000, Precision: 0.5000, Recall: 0.6134, F1: 0.5509, AUC: 0.5030
Epoch [3/10], Loss: 0.6654
Val Metrics -> Accuracy: 0.5054, Precision: 0.5347, Recall: 0.0826, F1: 0.1431, AUC: 0.5027
Saved Best Model
Epoch [4/10], Loss: 0.6653
Val Metrics -> Accuracy: 0.5060, Precision: 0.8454, Recall: 0.0147, F1: 0.0289, AUC: 0.5039
Saved Best Model
Epoch [5/10], Loss: 0.6651
Val Metrics -> Accuracy: 0.5060, Precision: 0.8705, Recall: 0.0141, F1: 0.0277, AUC: 0.5072
Epoch [6/10], Loss: 0.6646
Val Metrics -> Accuracy: 0.5060, Precision: 0.8557, Recall: 0.0144, F1: 0.0284, AUC: 0.5052
Epoch [7/10], Loss: 0.6643
Val Metrics -> Accuracy: 0.5060, Precision: 0.8673, Recall: 0.0143, F1: 0.0281, AUC: 0.5059
Saved Best Model
Epoch [8/10], Loss: 0.6641
Val Metrics -> Accuracy: 0.5058, Precision: 0.5091, Recall: 0.3247, F1: 0.3965, AUC: 0.5054
Epoch [9/10], Loss: 0.6640
Val Metrics -> Accuracy: 0.5060, Precision: 0.8454, Recall: 0.0147, F1: 0.0289, AUC: 0.5059
Epoch [10/10], Loss: 0.6638
Val Metrics -> Accuracy: 0.5060, Precision: 0.8454, Recall: 0.0147, F1: 0.0289, AUC: 0.5065
Run 5/5 for split=epi, max_length=3
Embeddings file /scratch/vgunda8/algo_comp_bio_datasets/tcr_embeddings_train_epi_len3.h5 already exists. Using existing file.
Embeddings file /scratch/vgunda8/algo_comp_bio_datasets/epi_embeddings_train_epi_len3.h5 already exists. Using existing file.
Embeddings file /scratch/vgunda8/algo_comp_bio_datasets/tcr_embeddings_test_epi_len3.h5 already exists. Using existing file.
Embeddings file /scratch/vgunda8/algo_comp_bio_datasets/epi_embeddings_test_epi_len3.h5 already exists. Using existing file.
Epoch [1/10], Loss: 0.6703
Val Metrics -> Accuracy: 0.5056, Precision: 0.6137, Recall: 0.0301, F1: 0.0574, AUC: 0.5024
Saved Best Model
Epoch [2/10], Loss: 0.6662
Val Metrics -> Accuracy: 0.5038, Precision: 0.5394, Recall: 0.0517, F1: 0.0943, AUC: 0.5019
Epoch [3/10], Loss: 0.6658
Val Metrics -> Accuracy: 0.5059, Precision: 0.8439, Recall: 0.0145, F1: 0.0285, AUC: 0.5020
Saved Best Model
Epoch [4/10], Loss: 0.6651
Val Metrics -> Accuracy: 0.5060, Precision: 0.8454, Recall: 0.0147, F1: 0.0289, AUC: 0.5022
Saved Best Model
Epoch [5/10], Loss: 0.6649
Val Metrics -> Accuracy: 0.5060, Precision: 0.8447, Recall: 0.0146, F1: 0.0287, AUC: 0.5052
Epoch [6/10], Loss: 0.6646
Val Metrics -> Accuracy: 0.5060, Precision: 0.8454, Recall: 0.0147, F1: 0.0289, AUC: 0.5052
Epoch [7/10], Loss: 0.6644
Val Metrics -> Accuracy: 0.5060, Precision: 0.8454, Recall: 0.0147, F1: 0.0289, AUC: 0.5024
Epoch [8/10], Loss: 0.6642
Val Metrics -> Accuracy: 0.5060, Precision: 0.8447, Recall: 0.0146, F1: 0.0287, AUC: 0.5031
Epoch [9/10], Loss: 0.6641
Val Metrics -> Accuracy: 0.5060, Precision: 0.8447, Recall: 0.0146, F1: 0.0287, AUC: 0.5030
Epoch [10/10], Loss: 0.6636
Val Metrics -> Accuracy: 0.5059, Precision: 0.8646, Recall: 0.0139, F1: 0.0274, AUC: 0.5018
Run 1/5 for split=random, max_length=3
Embeddings file /scratch/vgunda8/algo_comp_bio_datasets/tcr_embeddings_train_random_len3.h5 already exists. Using existing file.
Embeddings file /scratch/vgunda8/algo_comp_bio_datasets/epi_embeddings_train_random_len3.h5 already exists. Using existing file.
Embeddings file /scratch/vgunda8/algo_comp_bio_datasets/tcr_embeddings_test_random_len3.h5 already exists. Using existing file.
Embeddings file /scratch/vgunda8/algo_comp_bio_datasets/epi_embeddings_test_random_len3.h5 already exists. Using existing file.
Epoch [1/10], Loss: 0.6738
Val Metrics -> Accuracy: 0.5353, Precision: 0.9843, Recall: 0.0712, F1: 0.1328, AUC: 0.5530
Saved Best Model
Epoch [2/10], Loss: 0.6693
Val Metrics -> Accuracy: 0.5358, Precision: 0.9704, Recall: 0.0733, F1: 0.1364, AUC: 0.5590
Saved Best Model
Epoch [3/10], Loss: 0.6685
Val Metrics -> Accuracy: 0.5358, Precision: 0.9700, Recall: 0.0733, F1: 0.1364, AUC: 0.5589
Epoch [4/10], Loss: 0.6682
Val Metrics -> Accuracy: 0.5358, Precision: 0.9704, Recall: 0.0733, F1: 0.1364, AUC: 0.5610
Epoch [5/10], Loss: 0.6678
Val Metrics -> Accuracy: 0.5358, Precision: 0.9700, Recall: 0.0733, F1: 0.1364, AUC: 0.5587
Epoch [6/10], Loss: 0.6677
Val Metrics -> Accuracy: 0.5358, Precision: 0.9260, Recall: 0.0772, F1: 0.1426, AUC: 0.5563
Epoch [7/10], Loss: 0.6676
Val Metrics -> Accuracy: 0.5358, Precision: 0.9700, Recall: 0.0733, F1: 0.1364, AUC: 0.5591
Epoch [8/10], Loss: 0.6675
Val Metrics -> Accuracy: 0.5357, Precision: 0.9805, Recall: 0.0723, F1: 0.1346, AUC: 0.5593
Epoch [9/10], Loss: 0.6672
Val Metrics -> Accuracy: 0.5358, Precision: 0.9700, Recall: 0.0733, F1: 0.1364, AUC: 0.5582
Epoch [10/10], Loss: 0.6669
Val Metrics -> Accuracy: 0.5359, Precision: 0.9730, Recall: 0.0732, F1: 0.1362, AUC: 0.5592
Saved Best Model
Run 2/5 for split=random, max_length=3
Embeddings file /scratch/vgunda8/algo_comp_bio_datasets/tcr_embeddings_train_random_len3.h5 already exists. Using existing file.
Embeddings file /scratch/vgunda8/algo_comp_bio_datasets/epi_embeddings_train_random_len3.h5 already exists. Using existing file.
Embeddings file /scratch/vgunda8/algo_comp_bio_datasets/tcr_embeddings_test_random_len3.h5 already exists. Using existing file.
Embeddings file /scratch/vgunda8/algo_comp_bio_datasets/epi_embeddings_test_random_len3.h5 already exists. Using existing file.
Epoch [1/10], Loss: 0.6737
Val Metrics -> Accuracy: 0.5358, Precision: 0.9704, Recall: 0.0733, F1: 0.1364, AUC: 0.5555
Saved Best Model
Epoch [2/10], Loss: 0.6690
Val Metrics -> Accuracy: 0.5356, Precision: 0.9728, Recall: 0.0727, F1: 0.1353, AUC: 0.5593
Epoch [3/10], Loss: 0.6686
Val Metrics -> Accuracy: 0.5358, Precision: 0.9704, Recall: 0.0733, F1: 0.1364, AUC: 0.5613
Epoch [4/10], Loss: 0.6684
Val Metrics -> Accuracy: 0.5358, Precision: 0.9700, Recall: 0.0733, F1: 0.1364, AUC: 0.5531
Epoch [5/10], Loss: 0.6680
Val Metrics -> Accuracy: 0.5358, Precision: 0.9700, Recall: 0.0733, F1: 0.1364, AUC: 0.5592
Epoch [6/10], Loss: 0.6679
Val Metrics -> Accuracy: 0.5358, Precision: 0.9704, Recall: 0.0733, F1: 0.1364, AUC: 0.5602
Epoch [7/10], Loss: 0.6677
Val Metrics -> Accuracy: 0.5358, Precision: 0.9700, Recall: 0.0733, F1: 0.1364, AUC: 0.5597
Epoch [8/10], Loss: 0.6676
Val Metrics -> Accuracy: 0.5325, Precision: 0.5329, Recall: 0.5226, F1: 0.5277, AUC: 0.5571
Epoch [9/10], Loss: 0.6673
Val Metrics -> Accuracy: 0.5358, Precision: 0.9704, Recall: 0.0733, F1: 0.1364, AUC: 0.5592
Epoch [10/10], Loss: 0.6673
Val Metrics -> Accuracy: 0.5358, Precision: 0.9700, Recall: 0.0733, F1: 0.1364, AUC: 0.5595
Run 3/5 for split=random, max_length=3
Embeddings file /scratch/vgunda8/algo_comp_bio_datasets/tcr_embeddings_train_random_len3.h5 already exists. Using existing file.
Embeddings file /scratch/vgunda8/algo_comp_bio_datasets/epi_embeddings_train_random_len3.h5 already exists. Using existing file.
Embeddings file /scratch/vgunda8/algo_comp_bio_datasets/tcr_embeddings_test_random_len3.h5 already exists. Using existing file.
Embeddings file /scratch/vgunda8/algo_comp_bio_datasets/epi_embeddings_test_random_len3.h5 already exists. Using existing file.
Epoch [1/10], Loss: 0.6737
Val Metrics -> Accuracy: 0.5356, Precision: 0.9757, Recall: 0.0724, F1: 0.1348, AUC: 0.5596
Saved Best Model
Epoch [2/10], Loss: 0.6693
Val Metrics -> Accuracy: 0.5357, Precision: 0.9704, Recall: 0.0732, F1: 0.1361, AUC: 0.5614
Saved Best Model
Epoch [3/10], Loss: 0.6690
Val Metrics -> Accuracy: 0.5173, Precision: 0.5113, Recall: 0.7680, F1: 0.6139, AUC: 0.5497
Epoch [4/10], Loss: 0.6683
Val Metrics -> Accuracy: 0.5359, Precision: 0.9721, Recall: 0.0733, F1: 0.1363, AUC: 0.5608
Saved Best Model
Epoch [5/10], Loss: 0.6680
Val Metrics -> Accuracy: 0.5346, Precision: 0.7165, Recall: 0.1135, F1: 0.1959, AUC: 0.5605
Epoch [6/10], Loss: 0.6678
Val Metrics -> Accuracy: 0.5359, Precision: 0.6994, Recall: 0.1250, F1: 0.2121, AUC: 0.5569
Saved Best Model
Epoch [7/10], Loss: 0.6676
Val Metrics -> Accuracy: 0.5358, Precision: 0.9700, Recall: 0.0733, F1: 0.1364, AUC: 0.5613
Epoch [8/10], Loss: 0.6673
Val Metrics -> Accuracy: 0.5349, Precision: 0.6596, Recall: 0.1432, F1: 0.2354, AUC: 0.5572
Epoch [9/10], Loss: 0.6671
Val Metrics -> Accuracy: 0.5349, Precision: 0.6657, Recall: 0.1393, F1: 0.2304, AUC: 0.5590
Epoch [10/10], Loss: 0.6671
Val Metrics -> Accuracy: 0.5353, Precision: 0.5660, Recall: 0.3001, F1: 0.3922, AUC: 0.5612
Run 4/5 for split=random, max_length=3
Embeddings file /scratch/vgunda8/algo_comp_bio_datasets/tcr_embeddings_train_random_len3.h5 already exists. Using existing file.
Embeddings file /scratch/vgunda8/algo_comp_bio_datasets/epi_embeddings_train_random_len3.h5 already exists. Using existing file.
Embeddings file /scratch/vgunda8/algo_comp_bio_datasets/tcr_embeddings_test_random_len3.h5 already exists. Using existing file.
Embeddings file /scratch/vgunda8/algo_comp_bio_datasets/epi_embeddings_test_random_len3.h5 already exists. Using existing file.
Epoch [1/10], Loss: 0.6733
Val Metrics -> Accuracy: 0.5353, Precision: 0.9843, Recall: 0.0712, F1: 0.1328, AUC: 0.5586
Saved Best Model
Epoch [2/10], Loss: 0.6695
Val Metrics -> Accuracy: 0.5333, Precision: 0.5330, Recall: 0.5339, F1: 0.5334, AUC: 0.5617
Epoch [3/10], Loss: 0.6685
Val Metrics -> Accuracy: 0.5358, Precision: 0.9700, Recall: 0.0733, F1: 0.1364, AUC: 0.5560
Saved Best Model
Epoch [4/10], Loss: 0.6680
Val Metrics -> Accuracy: 0.5358, Precision: 0.9704, Recall: 0.0733, F1: 0.1364, AUC: 0.5609
Saved Best Model
Epoch [5/10], Loss: 0.6677
Val Metrics -> Accuracy: 0.5358, Precision: 0.9700, Recall: 0.0733, F1: 0.1364, AUC: 0.5608
Epoch [6/10], Loss: 0.6679
Val Metrics -> Accuracy: 0.5358, Precision: 0.9700, Recall: 0.0733, F1: 0.1364, AUC: 0.5590
Epoch [7/10], Loss: 0.6676
Val Metrics -> Accuracy: 0.5358, Precision: 0.9700, Recall: 0.0733, F1: 0.1364, AUC: 0.5611
Epoch [8/10], Loss: 0.6673
Val Metrics -> Accuracy: 0.5358, Precision: 0.9700, Recall: 0.0733, F1: 0.1364, AUC: 0.5581
Epoch [9/10], Loss: 0.6674
Val Metrics -> Accuracy: 0.5358, Precision: 0.9717, Recall: 0.0732, F1: 0.1361, AUC: 0.5576
Epoch [10/10], Loss: 0.6671
Val Metrics -> Accuracy: 0.5358, Precision: 0.9704, Recall: 0.0733, F1: 0.1364, AUC: 0.5594
Run 5/5 for split=random, max_length=3
Embeddings file /scratch/vgunda8/algo_comp_bio_datasets/tcr_embeddings_train_random_len3.h5 already exists. Using existing file.
Embeddings file /scratch/vgunda8/algo_comp_bio_datasets/epi_embeddings_train_random_len3.h5 already exists. Using existing file.
Embeddings file /scratch/vgunda8/algo_comp_bio_datasets/tcr_embeddings_test_random_len3.h5 already exists. Using existing file.
Embeddings file /scratch/vgunda8/algo_comp_bio_datasets/epi_embeddings_test_random_len3.h5 already exists. Using existing file.
Epoch [1/10], Loss: 0.6732
Val Metrics -> Accuracy: 0.5356, Precision: 0.9758, Recall: 0.0725, F1: 0.1349, AUC: 0.5603
Saved Best Model
Epoch [2/10], Loss: 0.6694
Val Metrics -> Accuracy: 0.5355, Precision: 0.6034, Recall: 0.2053, F1: 0.3064, AUC: 0.5550
Epoch [3/10], Loss: 0.6685
Val Metrics -> Accuracy: 0.5353, Precision: 0.9812, Recall: 0.0714, F1: 0.1332, AUC: 0.5569
Epoch [4/10], Loss: 0.6681
Val Metrics -> Accuracy: 0.5358, Precision: 0.9742, Recall: 0.0731, F1: 0.1359, AUC: 0.5599
Saved Best Model
Epoch [5/10], Loss: 0.6680
Val Metrics -> Accuracy: 0.5358, Precision: 0.9734, Recall: 0.0731, F1: 0.1360, AUC: 0.5579
Epoch [6/10], Loss: 0.6676
Val Metrics -> Accuracy: 0.5358, Precision: 0.9708, Recall: 0.0733, F1: 0.1363, AUC: 0.5583
Epoch [7/10], Loss: 0.6678
Val Metrics -> Accuracy: 0.5358, Precision: 0.9704, Recall: 0.0733, F1: 0.1364, AUC: 0.5607
Epoch [8/10], Loss: 0.6673
Val Metrics -> Accuracy: 0.5358, Precision: 0.9700, Recall: 0.0733, F1: 0.1364, AUC: 0.5590
Epoch [9/10], Loss: 0.6671
Val Metrics -> Accuracy: 0.5358, Precision: 0.9700, Recall: 0.0733, F1: 0.1364, AUC: 0.5604
Epoch [10/10], Loss: 0.6670
Val Metrics -> Accuracy: 0.5358, Precision: 0.9700, Recall: 0.0733, F1: 0.1364, AUC: 0.5594
Final Results Table Over 5 Runs (TCR and EPI Splits):
    Split  Max_Length  Precision    Recall  F1-Score  Accuracy       AUC
0     tcr           3   0.976473  0.074132  0.137801  0.538081  0.559846
1     epi           3   0.853305  0.014510  0.028534  0.506005  0.504402
2  random           3   0.917487  0.083598  0.151402  0.535861  0.558465
